Using pre-set license
Built from '2020.3/staging' branch; Version is '2020.3.13f1 (71691879b7f5) revision 7432472'; Using compiler version '192528614'; Build Type 'Release'
OS: 'Windows 10 Home; OS build 19043.1288; Version 2009; 64bit' Language: 'en' Physical Memory: 16249 MB
BatchMode: 1, IsHumanControllingUs: 0, StartBugReporterOnCrash: 0, Is64bit: 1, IsPro: 0

 COMMAND LINE ARGUMENTS:
C:\Program Files\Unity\Hub\Editor\2020.3.13f1\Editor\Unity.exe
-adb2
-batchMode
-noUpm
-name
AssetImportWorker0
-projectPath
D:/Game Production II Design II/YarnDemo/YarnDemo
-logFile
Logs/AssetImportWorker0.log
-srvPort
55936
Successfully changed project path to: D:/Game Production II Design II/YarnDemo/YarnDemo
D:/Game Production II Design II/YarnDemo/YarnDemo
Using Asset Import Pipeline V2.
Refreshing native plugins compatible for Editor in 48.08 ms, found 3 plugins.
Preloading 0 native plugins for Editor in 0.00 ms.
Initialize engine version: 2020.3.13f1 (71691879b7f5)
[Subsystems] Discovering subsystems at path C:/Program Files/Unity/Hub/Editor/2020.3.13f1/Editor/Data/Resources/UnitySubsystems
[Subsystems] Discovering subsystems at path D:/Game Production II Design II/YarnDemo/YarnDemo/Assets
GfxDevice: creating device client; threaded=0
Direct3D:
    Version:  Direct3D 11.0 [level 11.1]
    Renderer: NVIDIA GeForce GTX 1060 with Max-Q Design (ID=0x1c20)
    Vendor:   
    VRAM:     6052 MB
    Driver:   27.21.14.6231
Initialize mono
Mono path[0] = 'C:/Program Files/Unity/Hub/Editor/2020.3.13f1/Editor/Data/Managed'
Mono path[1] = 'C:/Program Files/Unity/Hub/Editor/2020.3.13f1/Editor/Data/MonoBleedingEdge/lib/mono/unityjit'
Mono config path = 'C:/Program Files/Unity/Hub/Editor/2020.3.13f1/Editor/Data/MonoBleedingEdge/etc'
Using monoOptions --debugger-agent=transport=dt_socket,embedding=1,server=y,suspend=n,address=127.0.0.1:56140
Begin MonoManager ReloadAssembly
Registering precompiled unity dll's ...
Register platform support module: C:/Program Files/Unity/Hub/Editor/2020.3.13f1/Editor/Data/PlaybackEngines/WindowsStandaloneSupport/UnityEditor.WindowsStandalone.Extensions.dll
Registered in 0.002282 seconds.
Native extension for WindowsStandalone target not found
Refreshing native plugins compatible for Editor in 46.95 ms, found 3 plugins.
Preloading 0 native plugins for Editor in 0.00 ms.
Mono: successfully reloaded assembly
- Completed reload, in  1.187 seconds
Platform modules already initialized, skipping
Registering precompiled user dll's ...
Registered in 0.009180 seconds.
Begin MonoManager ReloadAssembly
Native extension for WindowsStandalone target not found
Refreshing native plugins compatible for Editor in 46.02 ms, found 3 plugins.
Preloading 0 native plugins for Editor in 0.00 ms.
Mono: successfully reloaded assembly
- Completed reload, in  1.293 seconds
Platform modules already initialized, skipping
========================================================================
Worker process is ready to serve import requests
Launched and connected shader compiler UnityShaderCompiler.exe after 0.06 seconds
Refreshing native plugins compatible for Editor in 0.47 ms, found 3 plugins.
Preloading 0 native plugins for Editor in 0.00 ms.
Unloading 2112 Unused Serialized files (Serialized files now loaded: 0)
System memory in use before: 93.8 MB.
System memory in use after: 93.8 MB.

Unloading 43 unused Assets to reduce memory usage. Loaded Objects now: 2534.
Total: 2.484000 ms (FindLiveObjects: 0.198000 ms CreateObjectMapping: 0.073300 ms MarkObjects: 2.025800 ms  DeleteObjects: 0.185900 ms)

AssetImportParameters requested are different than current active one (requested -> active):
  custom:framework-win-MediaFoundation: 216162199b28c13a410421893ffa2e32 -> 
  custom:video-decoder-ogg-theora: a1e56fd34408186e4bbccfd4996cb3dc -> 
  custom:container-muxer-webm: aa71ff27fc2769a1b78a27578f13a17b -> 
  custom:container-demuxer-webm: 4f35f7cbe854078d1ac9338744f61a02 -> 
  custom:container-demuxer-ogg: 62fdf1f143b41e24485cea50d1cbac27 -> 
  custom:video-encoder-webm-vp8: eb34c28f22e8b96e1ab97ce403110664 -> 
  custom:video-codec-MediaFoundation-h265: 746d11721c4dcdbdad8f713fa42b33f4 -> 
  custom:video-decoder-webm-vp8: 9c59270c3fd7afecdb556c50c9e8de78 -> 
  custom:audio-decoder-ogg-vorbis: bf7c407c2cedff20999df2af8eb42d56 -> 
  custom:audio-encoder-webm-vorbis: bf7c407c2cedff20999df2af8eb42d56 -> 
========================================================================
Received Import Request.
  path: Assets/Scenes/SampleScene.unity
  artifactKey: Guid(2cda990e2423bbf4892e6590ba056729) Importer(815301076,1909f56bfc062723c751e8b465ee728b)
Start importing Assets/Scenes/SampleScene.unity using Guid(2cda990e2423bbf4892e6590ba056729) Importer(815301076,1909f56bfc062723c751e8b465ee728b)  -> (artifact id: 'aa27944bdea339c97c39027c7eea529c') in 0.023133 seconds 
  Import took 0.026791 seconds .

========================================================================
Received Import Request.
  Time since last request: 18.347957 seconds.
  path: Packages/dev.yarnspinner.unity
  artifactKey: Guid(b24d79956c628248aa0d0f55ff9449d2) Importer(815301076,1909f56bfc062723c751e8b465ee728b)
Start importing Packages/dev.yarnspinner.unity using Guid(b24d79956c628248aa0d0f55ff9449d2) Importer(815301076,1909f56bfc062723c751e8b465ee728b)  -> (artifact id: 'c68e826aced233b3e31074b255a705b5') in 0.011557 seconds 
  Import took 0.015623 seconds .

========================================================================
Received Import Request.
  Time since last request: 0.067735 seconds.
  path: Packages/dev.yarnspinner.unity/package.json
  artifactKey: Guid(e6335304c5696c743aedd0a77a6533ad) Importer(815301076,1909f56bfc062723c751e8b465ee728b)
Start importing Packages/dev.yarnspinner.unity/package.json using Guid(e6335304c5696c743aedd0a77a6533ad) Importer(815301076,1909f56bfc062723c751e8b465ee728b)  -> (artifact id: '85cf55c10da91403904b1cc8f7c94a5a') in 0.153641 seconds 
  Import took 0.158719 seconds .

========================================================================
Received Import Request.
  Time since last request: 7.154377 seconds.
  path: Packages/dev.yarnspinner.unity/Editor
  artifactKey: Guid(c3b025f9df1834d5e91c6873ece463b1) Importer(815301076,1909f56bfc062723c751e8b465ee728b)
Start importing Packages/dev.yarnspinner.unity/Editor using Guid(c3b025f9df1834d5e91c6873ece463b1) Importer(815301076,1909f56bfc062723c751e8b465ee728b)  -> (artifact id: 'b8b25514c4cf985f9aff2dc325f3b564') in 0.011870 seconds 
  Import took 0.015437 seconds .

========================================================================
Received Import Request.
  Time since last request: 0.057059 seconds.
  path: Packages/dev.yarnspinner.unity/Editor/YarnSpinner.Unity.Editor.asmdef
  artifactKey: Guid(3a299c53e4c683b4eb4a04c9ad9e648f) Importer(815301076,1909f56bfc062723c751e8b465ee728b)
Start importing Packages/dev.yarnspinner.unity/Editor/YarnSpinner.Unity.Editor.asmdef using Guid(3a299c53e4c683b4eb4a04c9ad9e648f) Importer(815301076,1909f56bfc062723c751e8b465ee728b)  -> (artifact id: '2c764b4c141cbcb7df03fe58530d4186') in 0.010374 seconds 
  Import took 0.013538 seconds .

========================================================================
Received Import Request.
  Time since last request: 6.868370 seconds.
  path: Packages/dev.yarnspinner.unity/Runtime/YarnSpinner.Unity.asmdef
  artifactKey: Guid(34aa492b82754644eac2f903cd496268) Importer(815301076,1909f56bfc062723c751e8b465ee728b)
Start importing Packages/dev.yarnspinner.unity/Runtime/YarnSpinner.Unity.asmdef using Guid(34aa492b82754644eac2f903cd496268) Importer(815301076,1909f56bfc062723c751e8b465ee728b)  -> (artifact id: '3219930f5cb952ae5ed70a828e3b7abd') in 0.006708 seconds 
  Import took 0.010563 seconds .

========================================================================
Received Import Request.
  Time since last request: 3.088602 seconds.
  path: Packages/dev.yarnspinner.unity/Tests/Editor
  artifactKey: Guid(abf1e7f711f1587479b0bfa90495d07b) Importer(815301076,1909f56bfc062723c751e8b465ee728b)
Start importing Packages/dev.yarnspinner.unity/Tests/Editor using Guid(abf1e7f711f1587479b0bfa90495d07b) Importer(815301076,1909f56bfc062723c751e8b465ee728b)  -> (artifact id: 'e06cf0cfbc0dbdaf9b888f555f4c98ac') in 0.002447 seconds 
  Import took 0.007337 seconds .

========================================================================
Received Import Request.
  Time since last request: 0.000756 seconds.
  path: Packages/dev.yarnspinner.unity/Tests/Editor
  artifactKey: Guid(abf1e7f711f1587479b0bfa90495d07b) Importer(815301076,1909f56bfc062723c751e8b465ee728b)
Start importing Packages/dev.yarnspinner.unity/Tests/Editor using Guid(abf1e7f711f1587479b0bfa90495d07b) Importer(815301076,1909f56bfc062723c751e8b465ee728b)  -> (artifact id: 'e06cf0cfbc0dbdaf9b888f555f4c98ac') in 0.002918 seconds 
  Import took 0.007879 seconds .

========================================================================
Received Import Request.
  Time since last request: 0.056493 seconds.
  path: Packages/dev.yarnspinner.unity/Tests/Editor/YarnSpinnerEditorTests.asmdef
  artifactKey: Guid(7ac06ab5f152f5044b042bb90157b8d1) Importer(815301076,1909f56bfc062723c751e8b465ee728b)
Start importing Packages/dev.yarnspinner.unity/Tests/Editor/YarnSpinnerEditorTests.asmdef using Guid(7ac06ab5f152f5044b042bb90157b8d1) Importer(815301076,1909f56bfc062723c751e8b465ee728b)  -> (artifact id: 'f2e514ddd3df3f769fb96d808e067f30') in 0.006429 seconds 
  Import took 0.010295 seconds .

========================================================================
Received Import Request.
  Time since last request: 3.871857 seconds.
  path: Packages/dev.yarnspinner.unity/Tests/Runtime
  artifactKey: Guid(1e6ccf9b704d24f46946369a6f23060c) Importer(815301076,1909f56bfc062723c751e8b465ee728b)
Start importing Packages/dev.yarnspinner.unity/Tests/Runtime using Guid(1e6ccf9b704d24f46946369a6f23060c) Importer(815301076,1909f56bfc062723c751e8b465ee728b)  -> (artifact id: 'bb59a22d30507288e7225d5cd37b31ca') in 0.009595 seconds 
  Import took 0.014334 seconds .

========================================================================
Received Import Request.
  Time since last request: 0.357438 seconds.
  path: Packages/dev.yarnspinner.unity/Tests/Runtime/DialogueRunnerTest.yarn
  artifactKey: Guid(40a60c3c28a91d34bbf2088bb0d2824a) Importer(815301076,1909f56bfc062723c751e8b465ee728b)
Start importing Packages/dev.yarnspinner.unity/Tests/Runtime/DialogueRunnerTest.yarn using Guid(40a60c3c28a91d34bbf2088bb0d2824a) Importer(815301076,1909f56bfc062723c751e8b465ee728b)  -> (artifact id: '155933cc525b63c4ed05c8c1b101ee8d') in 0.012160 seconds 
  Import took 0.017359 seconds .

========================================================================
Received Import Request.
  Time since last request: 0.000283 seconds.
  path: Packages/dev.yarnspinner.unity/Tests/Runtime/YarnSpinnerTests.asmdef
  artifactKey: Guid(8b0945c9a731aeb4284b7917ddc5be92) Importer(815301076,1909f56bfc062723c751e8b465ee728b)
Start importing Packages/dev.yarnspinner.unity/Tests/Runtime/YarnSpinnerTests.asmdef using Guid(8b0945c9a731aeb4284b7917ddc5be92) Importer(815301076,1909f56bfc062723c751e8b465ee728b)  -> (artifact id: '04aa422b013a9fbde4d617b5d232ffea') in 0.006610 seconds 
  Import took 0.010140 seconds .

========================================================================
Received Prepare
Registering precompiled user dll's ...
Registered in 0.009149 seconds.
Begin MonoManager ReloadAssembly
Native extension for WindowsStandalone target not found
Refreshing native plugins compatible for Editor in 0.50 ms, found 3 plugins.
Preloading 0 native plugins for Editor in 0.00 ms.
Mono: successfully reloaded assembly
- Completed reload, in  1.183 seconds
Platform modules already initialized, skipping
Refreshing native plugins compatible for Editor in 0.58 ms, found 3 plugins.
Preloading 0 native plugins for Editor in 0.00 ms.
Unloading 2113 Unused Serialized files (Serialized files now loaded: 0)
System memory in use before: 94.0 MB.
System memory in use after: 93.9 MB.

Unloading 31 unused Assets to reduce memory usage. Loaded Objects now: 2543.
Total: 2.689600 ms (FindLiveObjects: 0.173800 ms CreateObjectMapping: 0.077700 ms MarkObjects: 2.248500 ms  DeleteObjects: 0.188700 ms)

AssetImportParameters requested are different than current active one (requested -> active):
  custom:framework-win-MediaFoundation: 216162199b28c13a410421893ffa2e32 -> 
  custom:video-decoder-ogg-theora: a1e56fd34408186e4bbccfd4996cb3dc -> 
  custom:container-muxer-webm: aa71ff27fc2769a1b78a27578f13a17b -> 
  custom:container-demuxer-webm: 4f35f7cbe854078d1ac9338744f61a02 -> 
  custom:container-demuxer-ogg: 62fdf1f143b41e24485cea50d1cbac27 -> 
  custom:video-encoder-webm-vp8: eb34c28f22e8b96e1ab97ce403110664 -> 
  custom:video-codec-MediaFoundation-h265: 746d11721c4dcdbdad8f713fa42b33f4 -> 
  custom:video-decoder-webm-vp8: 9c59270c3fd7afecdb556c50c9e8de78 -> 
  custom:audio-decoder-ogg-vorbis: bf7c407c2cedff20999df2af8eb42d56 -> 
  custom:audio-encoder-webm-vorbis: bf7c407c2cedff20999df2af8eb42d56 -> 
========================================================================
Received Import Request.
  Time since last request: 65.983486 seconds.
  path: Assets/Samples
  artifactKey: Guid(5bb2550566256fa4993a3e8ae900eb46) Importer(815301076,1909f56bfc062723c751e8b465ee728b)
Start importing Assets/Samples using Guid(5bb2550566256fa4993a3e8ae900eb46) Importer(815301076,1909f56bfc062723c751e8b465ee728b)  -> (artifact id: 'dc351fce3adc3aa3673ce62c59a2a557') in 0.009567 seconds 
  Import took 0.012863 seconds .

========================================================================
Received Import Request.
  Time since last request: 0.005273 seconds.
  path: Assets/Samples
  artifactKey: Guid(5bb2550566256fa4993a3e8ae900eb46) Importer(815301076,1909f56bfc062723c751e8b465ee728b)
Start importing Assets/Samples using Guid(5bb2550566256fa4993a3e8ae900eb46) Importer(815301076,1909f56bfc062723c751e8b465ee728b)  -> (artifact id: 'dc351fce3adc3aa3673ce62c59a2a557') in 0.010478 seconds 
  Import took 0.014108 seconds .

========================================================================
Received Import Request.
  Time since last request: 1.704344 seconds.
  path: Assets/Samples/Yarn Spinner
  artifactKey: Guid(0f23e6d7ac2a07e438fbebdba3511a1e) Importer(815301076,1909f56bfc062723c751e8b465ee728b)
Start importing Assets/Samples/Yarn Spinner using Guid(0f23e6d7ac2a07e438fbebdba3511a1e) Importer(815301076,1909f56bfc062723c751e8b465ee728b)  -> (artifact id: 'c2373c462d785c6deac867e40e41d56b') in 0.010139 seconds 
  Import took 0.014571 seconds .

========================================================================
Received Import Request.
  Time since last request: 11.915882 seconds.
  path: Assets/Samples/Yarn Spinner/1.2.7
  artifactKey: Guid(67ca7333c81c30e478e2f46fe6437d7a) Importer(815301076,1909f56bfc062723c751e8b465ee728b)
Start importing Assets/Samples/Yarn Spinner/1.2.7 using Guid(67ca7333c81c30e478e2f46fe6437d7a) Importer(815301076,1909f56bfc062723c751e8b465ee728b)  -> (artifact id: 'aa82b09205c209731733982d4a188dd4') in 0.008478 seconds 
  Import took 0.012436 seconds .

========================================================================
Received Import Request.
  Time since last request: 0.891867 seconds.
  path: Assets/Samples/Yarn Spinner/1.2.7/Space
  artifactKey: Guid(8f2d7d5bf02891e4a99f5a14c51f76c6) Importer(815301076,1909f56bfc062723c751e8b465ee728b)
Start importing Assets/Samples/Yarn Spinner/1.2.7/Space using Guid(8f2d7d5bf02891e4a99f5a14c51f76c6) Importer(815301076,1909f56bfc062723c751e8b465ee728b)  -> (artifact id: '4bd608eeec233cf278312b02b1be59e1') in 0.010433 seconds 
  Import took 0.015621 seconds .

========================================================================
Received Import Request.
  Time since last request: 1.505391 seconds.
  path: Assets/Samples/Yarn Spinner/1.2.7/Space/Space.unity
  artifactKey: Guid(d8cedd83aff34492d9c72e0aecb98160) Importer(815301076,1909f56bfc062723c751e8b465ee728b)
Start importing Assets/Samples/Yarn Spinner/1.2.7/Space/Space.unity using Guid(d8cedd83aff34492d9c72e0aecb98160) Importer(815301076,1909f56bfc062723c751e8b465ee728b)  -> (artifact id: '646363d39dee13bf6e2d283cd1131ee9') in 0.017176 seconds 
  Import took 0.020553 seconds .

